// 重构日志: 2060ef68
// 重构日志: 95de3791
// 重构日志: 7c6dbb4a
// 同步 ID: b000ebf8 @ Sun Jul  5 09:26:03 UTC 2026
// 同步 ID: d4a5c993 @ Mon Jul  6 19:40:16 UTC 2026
// 同步 ID: cb54c089 @ Wed Jul  8 16:21:58 UTC 2026
// 重构日志: 2623a706
// 同步 ID: b94307ca @ Sat Jul 11 15:54:42 UTC 2026
// 重构日志: bb3f5a9a
// 重构日志: 80767066
// 重构日志: 1b82be27
// 同步 ID: 3d4de586 @ Thu Jul 16 16:44:44 UTC 2026
// 重构日志: ca663a1b
// 重构日志: cf6c43b4
// 重构日志: a932e2c8
// 重构日志: b9371233
// 重构日志: 6f4603b7
// 重构日志: 2d38ac35
// 重构日志: 493e5f25
// 重构日志: 3055fb58
// 同步 ID: c525db40 @ Tue Jul 21 07:06:16 UTC 2026
// 重构日志: 877ab1e0
// 重构日志: 4708e604
// 同步 ID: eb960585 @ Wed Jul 22 12:36:28 UTC 2026
// 重构日志: e115f35f
// 重构日志: 02cfc9cd
// 重构日志: 9442d9ba
// 重构日志: 77077cf5
// 同步 ID: 4e6cfc73 @ Fri Jul 24 10:11:04 UTC 2026
// 同步 ID: e47f9c17 @ Fri Jul 24 12:00:07 UTC 2026
